<?xml version="1.0" encoding="utf-8"?><testsuites><testsuite name="pytest" errors="0" failures="0" skipped="0" tests="4" time="0.057" timestamp="2023-02-25T22:20:07.262516" hostname="serverjana"><testcase classname="tests.test_main.TestClass" name="test_quando_arquivo_eh_escrito_conteudo_do_arquivo" time="0.006" /><testcase classname="tests.test_main.TestClass" name="test_quando_arquivo_abre_deve_ler_conteudo_do_arquivo" time="0.002" /><testcase classname="tests.test_main.TestClass" name="test_quando_arquivo_eh_excluido" time="0.004" /><testcase classname="tests.test_main.TestClass" name="test_quando_eh_tentado_excluir_arquivo_inxistente" time="0.002" /></testsuite></testsuites>